This file contains any messages produced by compilers while
running configure, to aid debugging if configure makes a mistake.

It was created by blip configure 2.1, which was
generated by GNU Autoconf 2.68.  Invocation command line was

  $ ./configure 

## --------- ##
## Platform. ##
## --------- ##

hostname = ubuntu
uname -m = i686
uname -r = 3.8.0-30-generic
uname -s = Linux
uname -v = #44~precise1-Ubuntu SMP Fri Aug 23 17:33:45 UTC 2013

/usr/bin/uname -p = unknown
/bin/uname -X     = unknown

/bin/arch              = unknown
/usr/bin/arch -k       = unknown
/usr/convex/getsysinfo = unknown
/usr/bin/hostinfo      = unknown
/bin/machine           = unknown
/usr/bin/oslevel       = unknown
/bin/universe          = unknown

PATH: /usr/lib/lightdm/lightdm
PATH: /usr/local/sbin
PATH: /usr/local/bin
PATH: /usr/sbin
PATH: /usr/bin
PATH: /sbin
PATH: /bin
PATH: /usr/games


## ----------- ##
## Core tests. ##
## ----------- ##

configure:2062: checking build system type
configure:2076: result: i686-pc-linux-gnu
configure:2096: checking host system type
configure:2109: result: i686-pc-linux-gnu
configure:2129: checking target system type
configure:2142: result: i686-pc-linux-gnu
configure:2172: result: linux
configure:2215: checking for a BSD-compatible install
configure:2283: result: /usr/bin/install -c
configure:2294: checking whether build environment is sane
configure:2344: result: yes
configure:2485: checking for a thread-safe mkdir -p
configure:2524: result: /bin/mkdir -p
configure:2537: checking for gawk
configure:2567: result: no
configure:2537: checking for mawk
configure:2553: found /usr/bin/mawk
configure:2564: result: mawk
configure:2575: checking whether make sets $(MAKE)
configure:2597: result: yes
configure:2720: checking for ranlib
configure:2736: found /usr/bin/ranlib
configure:2747: result: ranlib
configure:2817: checking for gcc
configure:2833: found /usr/bin/gcc
configure:2844: result: gcc
configure:3073: checking for C compiler version
configure:3082: gcc --version >&5
gcc (Ubuntu/Linaro 4.6.3-1ubuntu5) 4.6.3
Copyright (C) 2011 Free Software Foundation, Inc.
This is free software; see the source for copying conditions.  There is NO
warranty; not even for MERCHANTABILITY or FITNESS FOR A PARTICULAR PURPOSE.

configure:3093: $? = 0
configure:3082: gcc -v >&5
Using built-in specs.
COLLECT_GCC=gcc
COLLECT_LTO_WRAPPER=/usr/lib/gcc/i686-linux-gnu/4.6/lto-wrapper
Target: i686-linux-gnu
Configured with: ../src/configure -v --with-pkgversion='Ubuntu/Linaro 4.6.3-1ubuntu5' --with-bugurl=file:///usr/share/doc/gcc-4.6/README.Bugs --enable-languages=c,c++,fortran,objc,obj-c++ --prefix=/usr --program-suffix=-4.6 --enable-shared --enable-linker-build-id --with-system-zlib --libexecdir=/usr/lib --without-included-gettext --enable-threads=posix --with-gxx-include-dir=/usr/include/c++/4.6 --libdir=/usr/lib --enable-nls --with-sysroot=/ --enable-clocale=gnu --enable-libstdcxx-debug --enable-libstdcxx-time=yes --enable-gnu-unique-object --enable-plugin --enable-objc-gc --enable-targets=all --disable-werror --with-arch-32=i686 --with-tune=generic --enable-checking=release --build=i686-linux-gnu --host=i686-linux-gnu --target=i686-linux-gnu
Thread model: posix
gcc version 4.6.3 (Ubuntu/Linaro 4.6.3-1ubuntu5) 
configure:3093: $? = 0
configure:3082: gcc -V >&5
gcc: error: unrecognized option '-V'
gcc: fatal error: no input files
compilation terminated.
configure:3093: $? = 4
configure:3082: gcc -qversion >&5
gcc: error: unrecognized option '-qversion'
gcc: fatal error: no input files
compilation terminated.
configure:3093: $? = 4
configure:3113: checking whether the C compiler works
configure:3135: gcc    conftest.c  >&5
configure:3139: $? = 0
configure:3187: result: yes
configure:3190: checking for C compiler default output file name
configure:3192: result: a.out
configure:3198: checking for suffix of executables
configure:3205: gcc -o conftest    conftest.c  >&5
configure:3209: $? = 0
configure:3231: result: 
configure:3253: checking whether we are cross compiling
configure:3261: gcc -o conftest    conftest.c  >&5
configure:3265: $? = 0
configure:3272: ./conftest
configure:3276: $? = 0
configure:3291: result: no
configure:3296: checking for suffix of object files
configure:3318: gcc -c   conftest.c >&5
configure:3322: $? = 0
configure:3343: result: o
configure:3347: checking whether we are using the GNU C compiler
configure:3366: gcc -c   conftest.c >&5
configure:3366: $? = 0
configure:3375: result: yes
configure:3384: checking whether gcc accepts -g
configure:3404: gcc -c -g  conftest.c >&5
configure:3404: $? = 0
configure:3445: result: yes
configure:3462: checking for gcc option to accept ISO C89
configure:3526: gcc  -c -g -O2  conftest.c >&5
configure:3526: $? = 0
configure:3539: result: none needed
configure:3570: checking for style of include used by make
configure:3598: result: GNU
configure:3624: checking dependency style of gcc
configure:3735: result: gcc3
configure:3762: checking how to run the C preprocessor
configure:3793: gcc -E  conftest.c
configure:3793: $? = 0
configure:3807: gcc -E  conftest.c
conftest.c:11:28: fatal error: ac_nonexistent.h: No such file or directory
compilation terminated.
configure:3807: $? = 1
configure: failed program was:
| /* confdefs.h */
| #define PACKAGE_NAME "blip"
| #define PACKAGE_TARNAME "blip"
| #define PACKAGE_VERSION "2.1"
| #define PACKAGE_STRING "blip 2.1"
| #define PACKAGE_BUGREPORT "stevedh@eecs.berkeley.edu"
| #define PACKAGE_URL ""
| #define PACKAGE "blip"
| #define VERSION "2.1"
| /* end confdefs.h.  */
| #include <ac_nonexistent.h>
configure:3832: result: gcc -E
configure:3852: gcc -E  conftest.c
configure:3852: $? = 0
configure:3866: gcc -E  conftest.c
conftest.c:11:28: fatal error: ac_nonexistent.h: No such file or directory
compilation terminated.
configure:3866: $? = 1
configure: failed program was:
| /* confdefs.h */
| #define PACKAGE_NAME "blip"
| #define PACKAGE_TARNAME "blip"
| #define PACKAGE_VERSION "2.1"
| #define PACKAGE_STRING "blip 2.1"
| #define PACKAGE_BUGREPORT "stevedh@eecs.berkeley.edu"
| #define PACKAGE_URL ""
| #define PACKAGE "blip"
| #define VERSION "2.1"
| /* end confdefs.h.  */
| #include <ac_nonexistent.h>
configure:3895: checking for grep that handles long lines and -e
configure:3953: result: /bin/grep
configure:3958: checking for egrep
configure:4020: result: /bin/grep -E
configure:4025: checking for ANSI C header files
configure:4045: gcc -c -g -O2  conftest.c >&5
configure:4045: $? = 0
configure:4118: gcc -o conftest -g -O2   conftest.c  >&5
configure:4118: $? = 0
configure:4118: ./conftest
configure:4118: $? = 0
configure:4129: result: yes
configure:4142: checking for sys/types.h
configure:4142: gcc -c -g -O2  conftest.c >&5
configure:4142: $? = 0
configure:4142: result: yes
configure:4142: checking for sys/stat.h
configure:4142: gcc -c -g -O2  conftest.c >&5
configure:4142: $? = 0
configure:4142: result: yes
configure:4142: checking for stdlib.h
configure:4142: gcc -c -g -O2  conftest.c >&5
configure:4142: $? = 0
configure:4142: result: yes
configure:4142: checking for string.h
configure:4142: gcc -c -g -O2  conftest.c >&5
configure:4142: $? = 0
configure:4142: result: yes
configure:4142: checking for memory.h
configure:4142: gcc -c -g -O2  conftest.c >&5
configure:4142: $? = 0
configure:4142: result: yes
configure:4142: checking for strings.h
configure:4142: gcc -c -g -O2  conftest.c >&5
configure:4142: $? = 0
configure:4142: result: yes
configure:4142: checking for inttypes.h
configure:4142: gcc -c -g -O2  conftest.c >&5
configure:4142: $? = 0
configure:4142: result: yes
configure:4142: checking for stdint.h
configure:4142: gcc -c -g -O2  conftest.c >&5
configure:4142: $? = 0
configure:4142: result: yes
configure:4142: checking for unistd.h
configure:4142: gcc -c -g -O2  conftest.c >&5
configure:4142: $? = 0
configure:4142: result: yes
configure:4157: checking for stdint.h
configure:4157: result: yes
configure:4157: checking for inttypes.h
configure:4157: result: yes
configure:4170: checking netinet/in.h usability
configure:4170: gcc -c -g -O2  conftest.c >&5
configure:4170: $? = 0
configure:4170: result: yes
configure:4170: checking netinet/in.h presence
configure:4170: gcc -E  conftest.c
configure:4170: $? = 0
configure:4170: result: yes
configure:4170: checking for netinet/in.h
configure:4170: result: yes
configure:4182: checking linux/if_tun.h usability
configure:4182: gcc -c -g -O2  conftest.c >&5
configure:4182: $? = 0
configure:4182: result: yes
configure:4182: checking linux/if_tun.h presence
configure:4182: gcc -E  conftest.c
configure:4182: $? = 0
configure:4182: result: yes
configure:4182: checking for linux/if_tun.h
configure:4182: result: yes
configure:4194: checking arpa/inet.h usability
configure:4194: gcc -c -g -O2  conftest.c >&5
configure:4194: $? = 0
configure:4194: result: yes
configure:4194: checking arpa/inet.h presence
configure:4194: gcc -E  conftest.c
configure:4194: $? = 0
configure:4194: result: yes
configure:4194: checking for arpa/inet.h
configure:4194: result: yes
configure:4207: checking for sys/socket.h
configure:4207: gcc -c -g -O2  conftest.c >&5
configure:4207: $? = 0
configure:4207: result: yes
configure:4207: checking for net/route.h
configure:4207: gcc -c -g -O2  conftest.c >&5
configure:4207: $? = 0
configure:4207: result: yes
configure:4207: checking for net/if.h
configure:4207: gcc -c -g -O2  conftest.c >&5
configure:4207: $? = 0
configure:4207: result: yes
configure:4225: checking whether struct in6_addr has u6_addrXX and defines s6_addrXX
configure:4239: gcc -c -g -O2  conftest.c >&5
conftest.c: In function 'main':
conftest.c:34:10: warning: initialization makes integer from pointer without a cast [enabled by default]
configure:4239: $? = 0
configure:4240: result: yes
configure:4250: checking for SIOCADDRT
configure:4263: gcc -c -g -O2  conftest.c >&5
configure:4263: $? = 0
configure:4264: result: yes
configure:4274: checking if IPV6_JOIN_GROUP is defined
configure:4287: gcc -c -g -O2  conftest.c >&5
configure:4287: $? = 0
configure:4288: result: yes
configure:4298: checking if IPV6_ADD_MEMBERSHIP is defined
configure:4311: gcc -c -g -O2  conftest.c >&5
configure:4311: $? = 0
configure:4312: result: yes
configure:4323: checking where to put seqno file
configure:4333: result: /var/run/ip-driver.seq
configure:4486: creating ./config.status

## ---------------------- ##
## Running config.status. ##
## ---------------------- ##

This file was extended by blip config.status 2.1, which was
generated by GNU Autoconf 2.68.  Invocation command line was

  CONFIG_FILES    = 
  CONFIG_HEADERS  = 
  CONFIG_LINKS    = 
  CONFIG_COMMANDS = 
  $ ./config.status 

on ubuntu

config.status:894: creating Makefile
config.status:894: creating lib6lowpan/Makefile
config.status:894: creating lib6lowpan/trace/Makefile
config.status:894: creating config.h
config.status:1075: config.h is unchanged
config.status:1135: linking linux/tun_dev_linux.c to linux/tun_dev.c
config.status:1154: executing depfiles commands

## ---------------- ##
## Cache variables. ##
## ---------------- ##

ac_cv_build=i686-pc-linux-gnu
ac_cv_c_compiler_gnu=yes
ac_cv_env_CC_set=
ac_cv_env_CC_value=
ac_cv_env_CFLAGS_set=
ac_cv_env_CFLAGS_value=
ac_cv_env_CPPFLAGS_set=
ac_cv_env_CPPFLAGS_value=
ac_cv_env_CPP_set=
ac_cv_env_CPP_value=
ac_cv_env_LDFLAGS_set=
ac_cv_env_LDFLAGS_value=
ac_cv_env_LIBS_set=
ac_cv_env_LIBS_value=
ac_cv_env_build_alias_set=
ac_cv_env_build_alias_value=
ac_cv_env_host_alias_set=
ac_cv_env_host_alias_value=
ac_cv_env_target_alias_set=
ac_cv_env_target_alias_value=
ac_cv_header_arpa_inet_h=yes
ac_cv_header_inttypes_h=yes
ac_cv_header_linux_if_tun_h=yes
ac_cv_header_memory_h=yes
ac_cv_header_net_if_h=yes
ac_cv_header_net_route_h=yes
ac_cv_header_netinet_in_h=yes
ac_cv_header_stdc=yes
ac_cv_header_stdint_h=yes
ac_cv_header_stdlib_h=yes
ac_cv_header_string_h=yes
ac_cv_header_strings_h=yes
ac_cv_header_sys_socket_h=yes
ac_cv_header_sys_stat_h=yes
ac_cv_header_sys_types_h=yes
ac_cv_header_unistd_h=yes
ac_cv_host=i686-pc-linux-gnu
ac_cv_objext=o
ac_cv_path_EGREP='/bin/grep -E'
ac_cv_path_GREP=/bin/grep
ac_cv_path_install='/usr/bin/install -c'
ac_cv_path_mkdir=/bin/mkdir
ac_cv_prog_AWK=mawk
ac_cv_prog_CPP='gcc -E'
ac_cv_prog_ac_ct_CC=gcc
ac_cv_prog_ac_ct_RANLIB=ranlib
ac_cv_prog_cc_c89=
ac_cv_prog_cc_g=yes
ac_cv_prog_make_make_set=yes
ac_cv_target=i686-pc-linux-gnu
am_cv_CC_dependencies_compiler_type=gcc3

## ----------------- ##
## Output variables. ##
## ----------------- ##

ACLOCAL='${SHELL} /home/advanticsys/TinyOS/tinyos-2.1.2/support/sdk/c/blip/missing --run aclocal-1.11'
AMDEPBACKSLASH='\'
AMDEP_FALSE='#'
AMDEP_TRUE=''
AMTAR='$${TAR-tar}'
AUTOCONF='${SHELL} /home/advanticsys/TinyOS/tinyos-2.1.2/support/sdk/c/blip/missing --run autoconf'
AUTOHEADER='${SHELL} /home/advanticsys/TinyOS/tinyos-2.1.2/support/sdk/c/blip/missing --run autoheader'
AUTOMAKE='${SHELL} /home/advanticsys/TinyOS/tinyos-2.1.2/support/sdk/c/blip/missing --run automake-1.11'
AWK='mawk'
CC='gcc'
CCDEPMODE='depmode=gcc3'
CFLAGS='-g -O2'
CPP='gcc -E'
CPPFLAGS=''
CYGPATH_W='echo'
DEFS='-DHAVE_CONFIG_H'
DEPDIR='.deps'
ECHO_C=''
ECHO_N='-n'
ECHO_T=''
EGREP='/bin/grep -E'
EXEEXT=''
GREP='/bin/grep'
INSTALL_DATA='${INSTALL} -m 644'
INSTALL_PROGRAM='${INSTALL}'
INSTALL_SCRIPT='${INSTALL}'
INSTALL_STRIP_PROGRAM='$(install_sh) -c -s'
LDFLAGS=''
LIBOBJS=''
LIBS=''
LTLIBOBJS=''
MAKEINFO='${SHELL} /home/advanticsys/TinyOS/tinyos-2.1.2/support/sdk/c/blip/missing --run makeinfo'
MKDIR_P='/bin/mkdir -p'
OBJEXT='o'
PACKAGE='blip'
PACKAGE_BUGREPORT='stevedh@eecs.berkeley.edu'
PACKAGE_NAME='blip'
PACKAGE_STRING='blip 2.1'
PACKAGE_TARNAME='blip'
PACKAGE_URL=''
PACKAGE_VERSION='2.1'
PATH_BLIP_SEQFILE='/var/run/ip-driver.seq'
PATH_SEPARATOR=':'
RANLIB='ranlib'
SET_MAKE=''
SHELL='/bin/bash'
STRIP=''
VERSION='2.1'
ac_ct_CC='gcc'
am__EXEEXT_FALSE=''
am__EXEEXT_TRUE='#'
am__fastdepCC_FALSE='#'
am__fastdepCC_TRUE=''
am__include='include'
am__isrc=''
am__leading_dot='.'
am__nodep='_no'
am__quote=''
am__tar='$${TAR-tar} chof - "$$tardir"'
am__untar='$${TAR-tar} xf -'
bindir='${exec_prefix}/bin'
build='i686-pc-linux-gnu'
build_alias=''
build_cpu='i686'
build_os='linux-gnu'
build_vendor='pc'
datadir='${datarootdir}'
datarootdir='${prefix}/share'
docdir='${datarootdir}/doc/${PACKAGE_TARNAME}'
dvidir='${docdir}'
exec_prefix='${prefix}'
host='i686-pc-linux-gnu'
host_alias=''
host_cpu='i686'
host_os='linux-gnu'
host_vendor='pc'
htmldir='${docdir}'
includedir='${prefix}/include'
infodir='${datarootdir}/info'
install_sh='${SHELL} /home/advanticsys/TinyOS/tinyos-2.1.2/support/sdk/c/blip/install-sh'
libdir='${exec_prefix}/lib'
libexecdir='${exec_prefix}/libexec'
localedir='${datarootdir}/locale'
localstatedir='${prefix}/var'
mandir='${datarootdir}/man'
mkdir_p='/bin/mkdir -p'
oldincludedir='/usr/include'
pdfdir='${docdir}'
prefix='/usr/local'
program_transform_name='s,x,x,'
psdir='${docdir}'
sbindir='${exec_prefix}/sbin'
sharedstatedir='${prefix}/com'
sysconfdir='${prefix}/etc'
target='i686-pc-linux-gnu'
target_alias=''
target_cpu='i686'
target_os='linux-gnu'
target_vendor='pc'

## ----------- ##
## confdefs.h. ##
## ----------- ##

/* confdefs.h */
#define PACKAGE_NAME "blip"
#define PACKAGE_TARNAME "blip"
#define PACKAGE_VERSION "2.1"
#define PACKAGE_STRING "blip 2.1"
#define PACKAGE_BUGREPORT "stevedh@eecs.berkeley.edu"
#define PACKAGE_URL ""
#define PACKAGE "blip"
#define VERSION "2.1"
#define STDC_HEADERS 1
#define HAVE_SYS_TYPES_H 1
#define HAVE_SYS_STAT_H 1
#define HAVE_STDLIB_H 1
#define HAVE_STRING_H 1
#define HAVE_MEMORY_H 1
#define HAVE_STRINGS_H 1
#define HAVE_INTTYPES_H 1
#define HAVE_STDINT_H 1
#define HAVE_UNISTD_H 1
#define HAVE_STDINT_H 1
#define HAVE_INTTYPES_H 1
#define HAVE_NETINET_IN_H 1
#define HAVE_LINUX_IF_TUN_H 1
#define HAVE_ARPA_INET_H 1
#define HAVE_SYS_SOCKET_H 1
#define HAVE_NET_ROUTE_H 1
#define HAVE_NET_IF_H 1
#define HAVE_IN6_ADDR_S6_ADDR 1
#define HAVE_SIOCADDRT 1
#define HAVE_IPV6_JOIN_GROUP 1
#define HAVE_IPV6_ADD_MEMBERSHIP 1

configure: exit 0
